[2026-03-29T11:04:55.777Z] [API] [TRX_RESPONSE] {"ok":false,"msg":"RC=087716446549-XLA89-MegaBig-c89uwe TrxID= XLA89.087716446549 #Gagal. Stok Kosong @2026-03-29 18:04:59","data":{"tujuan":"087716446549","reffid":"087716446549-XLA89-MegaBig-c89uwe"}}
[2026-03-29T11:05:06.058Z] [API] [HISTORY_RESPONSE] {"ok":true,"take":200,"count":0,"data":[]}
[2026-03-29T11:06:06.335Z] [API] [HISTORY_RESPONSE] {"ok":true,"take":200,"count":0,"data":[]}
[2026-03-29T11:07:06.622Z] [API] [HISTORY_RESPONSE] {"ok":true,"take":200,"count":0,"data":[]}
[2026-03-29T11:13:28.825Z] [API] [HISTORY_RESPONSE] {"ok":true,"take":200,"count":0,"data":[]}
[2026-03-29T12:41:00.955Z] [API] [TRX_RESPONSE] {"ok":false,"msg":"RC=087750221112-XLA89-MegaBig-37cusn TrxID= XLA89.087750221112 #Gagal. Stok Kosong @2026-03-29 19:41:04","data":{"tujuan":"087750221112","reffid":"087750221112-XLA89-MegaBig-37cusn"}}
[2026-03-29T12:41:11.235Z] [API] [HISTORY_RESPONSE] {"ok":true,"take":200,"count":0,"data":[]}
[2026-03-29T12:42:11.549Z] [API] [HISTORY_RESPONSE] {"ok":true,"take":200,"count":0,"data":[]}
[2026-03-29T12:43:11.896Z] [API] [HISTORY_RESPONSE] {"ok":true,"take":200,"count":0,"data":[]}
[2026-03-29T13:26:34.067Z] [API] [TRX_RESPONSE] {"ok":false,"msg":"RC=087750221112-XLA89-MegaBig-w2bref TrxID= XLA89.087750221112 #Gagal. Stok Kosong @2026-03-29 20:26:38","data":{"tujuan":"087750221112","reffid":"087750221112-XLA89-MegaBig-w2bref"}}
[2026-03-29T13:26:44.334Z] [API] [HISTORY_RESPONSE] {"ok":true,"take":200,"count":0,"data":[]}
[2026-03-29T13:27:44.905Z] [API] [HISTORY_RESPONSE] {"ok":true,"take":200,"count":0,"data":[]}
[2026-03-29T13:28:45.210Z] [API] [HISTORY_RESPONSE] {"ok":true,"take":200,"count":0,"data":[]}
[2026-03-29T15:49:31.872Z] [API] [TRX_RESPONSE] {"ok":false,"msg":"RC=087716446549-XLA89-MegaBig-wnj7ci TrxID= XLA89.087716446549 #Gagal. Stok Kosong @2026-03-29 22:49:32","data":{"tujuan":"087716446549","reffid":"087716446549-XLA89-MegaBig-wnj7ci"}}
[2026-03-29T15:49:52.941Z] [API] [HISTORY_RESPONSE] {"ok":true,"take":200,"count":0,"data":[]}
[2026-03-29T15:51:00.769Z] [API] [HISTORY_RESPONSE] {"ok":true,"take":200,"count":0,"data":[]}
[2026-03-29T15:54:12.582Z] [API] [HISTORY_RESPONSE] {"ok":true,"take":200,"count":0,"data":[]}
[2026-03-30T01:01:50.310Z] [API] [TRX_RESPONSE] {"ok":true,"msg":"akan di proses","data":{"trxid":"799326","tujuan":"087716446549","produk":"XLA89","reffid":"087716446549-XLA89-MegaBig-wnj7ci"}}
[2026-03-30T01:02:02.479Z] [API] [HISTORY_RESPONSE] {"ok":true,"take":200,"count":1,"data":[{"kode":799326,"kode_produk":"XLA89","tujuan":"087716446549","harga":93000,"status2":3,"saldo_awal":197848,"status_text":"PENDING","tgl_entri":"2026-03-30T08:01:52.187Z","sn":null,"keterangan":null,"tgl_status":"2026-03-30T08:01:54.083Z"}]}
[2026-03-30T01:03:12.416Z] [API] [HISTORY_RESPONSE] {"ok":true,"take":200,"count":1,"data":[{"kode":799326,"kode_produk":"XLA89","tujuan":"087716446549","harga":93000,"status2":20,"saldo_awal":197848,"status_text":"SUKSES","tgl_entri":"2026-03-30T08:01:52.187Z","sn":"55507","keterangan":null,"tgl_status":"2026-03-30T08:02:12.103Z"}]}
[2026-03-30T12:02:43.941Z] [API] [TRX_RESPONSE] {"ok":false,"msg":"RC=085935370991-XLA89-MegaBig-ogph2d TrxID= XLA89.085935370991 #Gagal. Stok Kosong @2026-03-30 19:02:44","data":{"tujuan":"085935370991","reffid":"085935370991-XLA89-MegaBig-ogph2d"}}
[2026-03-30T12:02:54.246Z] [API] [HISTORY_RESPONSE] {"ok":true,"take":200,"count":0,"data":[]}
[2026-03-30T12:03:55.916Z] [API] [HISTORY_RESPONSE] {"ok":true,"take":200,"count":0,"data":[]}
[2026-03-30T12:04:57.690Z] [API] [HISTORY_RESPONSE] {"ok":true,"take":200,"count":0,"data":[]}
[2026-03-30T16:50:15.401Z] [API] [TRX_RESPONSE] {"ok":false,"msg":"RC=087893835224-XLA14-SuperMini-525wid TrxID= XLA14.087893835224 #Gagal. Stok Kosong @2026-03-30 23:50:17","data":{"tujuan":"087893835224","reffid":"087893835224-XLA14-SuperMini-525wid"}}
[2026-03-30T16:50:15.538Z] [API] [TRX_RESPONSE] {"ok":false,"msg":"RC=087854344975-XLA14-SuperMini-0jj5l9 TrxID= XLA14.087854344975 #Gagal. Stok Kosong @2026-03-30 23:50:17","data":{"tujuan":"087854344975","reffid":"087854344975-XLA14-SuperMini-0jj5l9"}}
[2026-03-30T16:50:15.661Z] [API] [TRX_RESPONSE] {"ok":false,"msg":"RC=083131437490-XLA51-JumboV2-o2lqcc TrxID= XLA51.083131437490 #Gagal. Stok Kosong @2026-03-30 23:50:17","data":{"tujuan":"083131437490","reffid":"083131437490-XLA51-JumboV2-o2lqcc"}}
[2026-03-30T16:50:15.797Z] [API] [TRX_RESPONSE] {"ok":false,"msg":"RC=087840780047-XLA14-SuperMini-4qqt7o TrxID= XLA14.087840780047 #Gagal. Stok Kosong @2026-03-30 23:50:17","data":{"tujuan":"087840780047","reffid":"087840780047-XLA14-SuperMini-4qqt7o"}}
[2026-03-30T16:50:15.932Z] [API] [TRX_ERROR_RESPONSE] {"ok":false,"error":"rate_limited","hint":"Maks 4 trx/detik per IP, jadi kalo mau multi trx kasih limiter yha","retry_after_ms":463}
[2026-03-30T16:50:16.040Z] [API] [TRX_ERROR_RESPONSE] {"ok":false,"error":"rate_limited","hint":"Maks 4 trx/detik per IP, jadi kalo mau multi trx kasih limiter yha","retry_after_ms":336}
[2026-03-30T16:51:40.282Z] [API] [HISTORY_RESPONSE] {"ok":true,"take":200,"count":0,"data":[]}
[2026-03-30T16:51:40.375Z] [API] [HISTORY_RESPONSE] {"ok":true,"take":200,"count":0,"data":[]}
[2026-03-30T16:51:40.460Z] [API] [HISTORY_RESPONSE] {"ok":true,"take":200,"count":0,"data":[]}
[2026-03-30T16:51:40.558Z] [API] [HISTORY_RESPONSE] {"ok":true,"take":200,"count":0,"data":[]}
[2026-03-30T16:51:40.741Z] [API] [TRX_RESPONSE] {"ok":false,"msg":"RC=081953503932-XLA14-SuperMini-9pv9pn TrxID= XLA14.081953503932 #Gagal. Stok Kosong @2026-03-30 23:51:42","data":{"tujuan":"081953503932","reffid":"081953503932-XLA14-SuperMini-9pv9pn"}}
[2026-03-30T16:51:40.866Z] [API] [TRX_RESPONSE] {"ok":false,"msg":"RC=087783819393-XLA14-SuperMini-mt90ga TrxID= XLA14.087783819393 #Gagal. Stok Kosong @2026-03-30 23:51:42","data":{"tujuan":"087783819393","reffid":"087783819393-XLA14-SuperMini-mt90ga"}}
[2026-03-30T16:52:03.980Z] [API] [HISTORY_RESPONSE] {"ok":true,"take":200,"count":0,"data":[]}
[2026-03-30T16:52:04.092Z] [API] [HISTORY_RESPONSE] {"ok":true,"take":200,"count":0,"data":[]}
[2026-03-30T16:52:04.178Z] [API] [HISTORY_RESPONSE] {"ok":true,"take":200,"count":0,"data":[]}
[2026-03-30T16:52:04.269Z] [API] [HISTORY_RESPONSE] {"ok":true,"take":200,"count":0,"data":[]}
[2026-03-30T16:52:04.371Z] [API] [HISTORY_RESPONSE] {"ok":true,"take":200,"count":0,"data":[]}
[2026-03-30T16:52:04.462Z] [API] [HISTORY_RESPONSE] {"ok":true,"take":200,"count":0,"data":[]}
[2026-03-30T16:52:14.800Z] [API] [HISTORY_RESPONSE] {"ok":true,"take":200,"count":0,"data":[]}
[2026-03-30T16:52:14.927Z] [API] [HISTORY_RESPONSE] {"ok":true,"take":200,"count":0,"data":[]}
[2026-03-30T16:52:15.041Z] [API] [HISTORY_RESPONSE] {"ok":true,"take":200,"count":0,"data":[]}
[2026-03-30T16:52:15.149Z] [API] [HISTORY_RESPONSE] {"ok":true,"take":200,"count":0,"data":[]}
[2026-03-30T16:52:15.243Z] [API] [HISTORY_RESPONSE] {"ok":true,"take":200,"count":0,"data":[]}
[2026-03-30T16:52:15.346Z] [API] [HISTORY_RESPONSE] {"ok":true,"take":200,"count":0,"data":[]}
[2026-03-30T16:52:25.675Z] [API] [HISTORY_RESPONSE] {"ok":true,"take":200,"count":0,"data":[]}
[2026-03-30T16:52:25.758Z] [API] [HISTORY_RESPONSE] {"ok":true,"take":200,"count":0,"data":[]}
[2026-03-30T16:52:25.848Z] [API] [HISTORY_RESPONSE] {"ok":true,"take":200,"count":0,"data":[]}
[2026-03-30T16:52:25.946Z] [API] [HISTORY_RESPONSE] {"ok":true,"take":200,"count":0,"data":[]}
[2026-03-30T16:52:26.060Z] [API] [HISTORY_RESPONSE] {"ok":true,"take":200,"count":0,"data":[]}
[2026-03-30T16:52:26.168Z] [API] [HISTORY_RESPONSE] {"ok":true,"take":200,"count":0,"data":[]}
[2026-03-30T16:52:36.505Z] [API] [HISTORY_RESPONSE] {"ok":true,"take":200,"count":0,"data":[]}
[2026-03-30T16:52:36.588Z] [API] [HISTORY_RESPONSE] {"ok":true,"take":200,"count":0,"data":[]}
[2026-03-30T16:52:36.673Z] [API] [HISTORY_RESPONSE] {"ok":true,"take":200,"count":0,"data":[]}
[2026-03-30T16:52:36.747Z] [API] [HISTORY_RESPONSE] {"ok":true,"take":200,"count":0,"data":[]}
[2026-03-30T16:52:36.826Z] [API] [HISTORY_RESPONSE] {"ok":true,"take":200,"count":0,"data":[]}
[2026-03-30T16:52:36.906Z] [API] [HISTORY_RESPONSE] {"ok":true,"take":200,"count":0,"data":[]}
[2026-03-30T16:52:47.261Z] [API] [HISTORY_RESPONSE] {"ok":true,"take":200,"count":0,"data":[]}
[2026-03-30T16:52:47.354Z] [API] [HISTORY_RESPONSE] {"ok":true,"take":200,"count":0,"data":[]}
[2026-03-30T16:52:47.469Z] [API] [HISTORY_RESPONSE] {"ok":true,"take":200,"count":0,"data":[]}
[2026-03-30T16:52:47.559Z] [API] [HISTORY_RESPONSE] {"ok":true,"take":200,"count":0,"data":[]}
[2026-03-30T16:52:47.650Z] [API] [HISTORY_RESPONSE] {"ok":true,"take":200,"count":0,"data":[]}
[2026-03-30T16:52:47.741Z] [API] [HISTORY_RESPONSE] {"ok":true,"take":200,"count":0,"data":[]}
[2026-03-30T16:52:58.097Z] [API] [HISTORY_RESPONSE] {"ok":true,"take":200,"count":0,"data":[]}
[2026-03-30T16:52:58.182Z] [API] [HISTORY_RESPONSE] {"ok":true,"take":200,"count":0,"data":[]}
[2026-03-30T16:55:52.866Z] [API] [TRX_RESPONSE] {"ok":true,"msg":"akan di proses","data":{"trxid":"802291","tujuan":"087893835224","produk":"XLA14","reffid":"087893835224-XLA14-SuperMini-525wid"}}
[2026-03-30T16:55:52.989Z] [API] [TRX_RESPONSE] {"ok":true,"msg":"akan di proses","data":{"trxid":"802292","tujuan":"087854344975","produk":"XLA14","reffid":"087854344975-XLA14-SuperMini-0jj5l9"}}
[2026-03-30T16:55:53.078Z] [API] [TRX_RESPONSE] {"ok":false,"msg":"trx pending masih 2, tunggu selesai dlu","trx_pending":2}
[2026-03-30T16:55:53.150Z] [API] [TRX_RESPONSE] {"ok":false,"msg":"trx pending masih 2, tunggu selesai dlu","trx_pending":2}
[2026-03-30T16:55:53.258Z] [API] [TRX_ERROR_RESPONSE] {"ok":false,"error":"rate_limited","hint":"Maks 4 trx/detik per IP, jadi kalo mau multi trx kasih limiter yha","retry_after_ms":558}
[2026-03-30T16:56:03.514Z] [API] [HISTORY_RESPONSE] {"ok":true,"take":200,"count":1,"data":[{"kode":802291,"kode_produk":"XLA14","tujuan":"087893835224","harga":42000,"status2":3,"saldo_awal":104848,"status_text":"PENDING","tgl_entri":"2026-03-30T23:55:54.960Z","sn":null,"keterangan":null,"tgl_status":"2026-03-30T23:55:55.223Z"}]}
[2026-03-30T16:56:03.593Z] [API] [HISTORY_RESPONSE] {"ok":true,"take":200,"count":1,"data":[{"kode":802292,"kode_produk":"XLA14","tujuan":"087854344975","harga":42000,"status2":3,"saldo_awal":62848,"status_text":"PENDING","tgl_entri":"2026-03-30T23:55:55.077Z","sn":null,"keterangan":null,"tgl_status":"2026-03-30T23:55:55.290Z"}]}
[2026-03-30T16:56:03.669Z] [API] [HISTORY_RESPONSE] {"ok":true,"take":200,"count":0,"data":[]}
[2026-03-30T16:56:03.739Z] [API] [HISTORY_RESPONSE] {"ok":true,"take":200,"count":0,"data":[]}
[2026-03-30T16:56:03.895Z] [API] [TRX_RESPONSE] {"ok":false,"msg":"trx pending masih 2, tunggu selesai dlu","trx_pending":2}
[2026-03-30T16:56:14.147Z] [API] [HISTORY_RESPONSE] {"ok":true,"take":200,"count":1,"data":[{"kode":802291,"kode_produk":"XLA14","tujuan":"087893835224","harga":42000,"status2":20,"saldo_awal":104848,"status_text":"SUKSES","tgl_entri":"2026-03-30T23:55:54.960Z","sn":"99911","keterangan":null,"tgl_status":"2026-03-30T23:56:09.433Z"}]}
[2026-03-30T16:56:14.275Z] [API] [HISTORY_RESPONSE] {"ok":true,"take":200,"count":1,"data":[{"kode":802292,"kode_produk":"XLA14","tujuan":"087854344975","harga":42000,"status2":20,"saldo_awal":62848,"status_text":"SUKSES","tgl_entri":"2026-03-30T23:55:55.077Z","sn":"90840","keterangan":null,"tgl_status":"2026-03-30T23:56:09.940Z"}]}
[2026-03-30T16:56:14.343Z] [API] [HISTORY_RESPONSE] {"ok":true,"take":200,"count":0,"data":[]}
[2026-03-30T16:56:14.423Z] [API] [HISTORY_RESPONSE] {"ok":true,"take":200,"count":0,"data":[]}
[2026-03-30T16:56:14.494Z] [API] [HISTORY_RESPONSE] {"ok":true,"take":200,"count":0,"data":[]}
[2026-03-30T16:56:24.830Z] [API] [HISTORY_RESPONSE] {"ok":true,"take":200,"count":0,"data":[]}
[2026-03-30T16:56:24.923Z] [API] [HISTORY_RESPONSE] {"ok":true,"take":200,"count":0,"data":[]}
[2026-03-30T16:56:25.009Z] [API] [HISTORY_RESPONSE] {"ok":true,"take":200,"count":0,"data":[]}
[2026-03-30T16:56:35.389Z] [API] [HISTORY_RESPONSE] {"ok":true,"take":200,"count":0,"data":[]}
[2026-03-30T16:56:35.489Z] [API] [HISTORY_RESPONSE] {"ok":true,"take":200,"count":0,"data":[]}
[2026-03-30T16:56:35.581Z] [API] [HISTORY_RESPONSE] {"ok":true,"take":200,"count":0,"data":[]}
[2026-03-30T16:56:45.929Z] [API] [HISTORY_RESPONSE] {"ok":true,"take":200,"count":0,"data":[]}
[2026-03-30T16:56:46.017Z] [API] [HISTORY_RESPONSE] {"ok":true,"take":200,"count":0,"data":[]}
[2026-03-30T16:56:46.108Z] [API] [HISTORY_RESPONSE] {"ok":true,"take":200,"count":0,"data":[]}
[2026-03-30T16:56:56.484Z] [API] [HISTORY_RESPONSE] {"ok":true,"take":200,"count":0,"data":[]}
[2026-03-30T16:56:56.584Z] [API] [HISTORY_RESPONSE] {"ok":true,"take":200,"count":0,"data":[]}
[2026-03-30T16:56:56.695Z] [API] [HISTORY_RESPONSE] {"ok":true,"take":200,"count":0,"data":[]}
[2026-03-30T16:56:56.918Z] [API] [TRX_RESPONSE] {"ok":false,"msg":"Saldo tidak mencukupi, isi saldo dlu bos","data":{"tujuan":"087840780047","reffid":"087840780047-XLA14-SuperMini-4qqt7o"}}
[2026-03-30T16:56:57.035Z] [API] [TRX_RESPONSE] {"ok":false,"msg":"Saldo tidak mencukupi, isi saldo dlu bos","data":{"tujuan":"081953503932","reffid":"081953503932-XLA14-SuperMini-9pv9pn"}}
[2026-03-30T16:57:07.280Z] [API] [HISTORY_RESPONSE] {"ok":true,"take":200,"count":0,"data":[]}
[2026-03-30T16:57:07.362Z] [API] [HISTORY_RESPONSE] {"ok":true,"take":200,"count":0,"data":[]}
[2026-03-30T16:57:07.478Z] [API] [HISTORY_RESPONSE] {"ok":true,"take":200,"count":0,"data":[]}
[2026-03-30T16:57:07.691Z] [API] [TRX_RESPONSE] {"ok":false,"msg":"Saldo tidak mencukupi, isi saldo dlu bos","data":{"tujuan":"087783819393","reffid":"087783819393-XLA14-SuperMini-mt90ga"}}
[2026-03-30T16:57:17.939Z] [API] [HISTORY_RESPONSE] {"ok":true,"take":200,"count":0,"data":[]}
[2026-03-30T16:57:18.021Z] [API] [HISTORY_RESPONSE] {"ok":true,"take":200,"count":0,"data":[]}
[2026-03-30T16:57:18.099Z] [API] [HISTORY_RESPONSE] {"ok":true,"take":200,"count":0,"data":[]}
[2026-03-30T16:57:18.273Z] [API] [TRX_RESPONSE] {"ok":false,"msg":"Saldo tidak mencukupi, isi saldo dlu bos","data":{"tujuan":"083131437490","reffid":"083131437490-XLA51-JumboV2-o2lqcc"}}
[2026-03-30T16:57:28.514Z] [API] [HISTORY_RESPONSE] {"ok":true,"take":200,"count":0,"data":[]}
[2026-03-30T16:57:28.617Z] [API] [HISTORY_RESPONSE] {"ok":true,"take":200,"count":0,"data":[]}
[2026-03-30T16:57:28.720Z] [API] [HISTORY_RESPONSE] {"ok":true,"take":200,"count":0,"data":[]}
[2026-03-30T16:57:28.812Z] [API] [HISTORY_RESPONSE] {"ok":true,"take":200,"count":0,"data":[]}
[2026-03-30T16:57:39.169Z] [API] [HISTORY_RESPONSE] {"ok":true,"take":200,"count":0,"data":[]}
[2026-03-30T16:57:39.272Z] [API] [HISTORY_RESPONSE] {"ok":true,"take":200,"count":0,"data":[]}
[2026-03-30T16:57:39.371Z] [API] [HISTORY_RESPONSE] {"ok":true,"take":200,"count":0,"data":[]}
[2026-03-30T16:57:39.474Z] [API] [HISTORY_RESPONSE] {"ok":true,"take":200,"count":0,"data":[]}
[2026-03-30T16:57:49.878Z] [API] [HISTORY_RESPONSE] {"ok":true,"take":200,"count":0,"data":[]}
[2026-03-30T16:57:49.961Z] [API] [HISTORY_RESPONSE] {"ok":true,"take":200,"count":0,"data":[]}
[2026-03-30T16:57:50.042Z] [API] [HISTORY_RESPONSE] {"ok":true,"take":200,"count":0,"data":[]}
[2026-03-30T16:57:50.137Z] [API] [HISTORY_RESPONSE] {"ok":true,"take":200,"count":0,"data":[]}
[2026-03-30T16:58:00.486Z] [API] [HISTORY_RESPONSE] {"ok":true,"take":200,"count":0,"data":[]}
[2026-03-30T16:58:00.575Z] [API] [HISTORY_RESPONSE] {"ok":true,"take":200,"count":0,"data":[]}
[2026-03-30T16:58:00.664Z] [API] [HISTORY_RESPONSE] {"ok":true,"take":200,"count":0,"data":[]}
[2026-03-30T16:58:00.770Z] [API] [HISTORY_RESPONSE] {"ok":true,"take":200,"count":0,"data":[]}
[2026-03-30T16:58:00.972Z] [API] [TRX_RESPONSE] {"ok":false,"msg":"Saldo tidak mencukupi, isi saldo dlu bos","data":{"tujuan":"087840780047","reffid":"087840780047-XLA14-SuperMini-4qqt7o"}}
[2026-03-30T16:58:01.088Z] [API] [TRX_RESPONSE] {"ok":false,"msg":"Saldo tidak mencukupi, isi saldo dlu bos","data":{"tujuan":"081953503932","reffid":"081953503932-XLA14-SuperMini-9pv9pn"}}
[2026-03-30T16:58:11.376Z] [API] [HISTORY_RESPONSE] {"ok":true,"take":200,"count":0,"data":[]}
[2026-03-30T16:58:11.485Z] [API] [HISTORY_RESPONSE] {"ok":true,"take":200,"count":0,"data":[]}
[2026-03-30T16:58:11.559Z] [API] [HISTORY_RESPONSE] {"ok":true,"take":200,"count":0,"data":[]}
[2026-03-30T16:58:11.642Z] [API] [HISTORY_RESPONSE] {"ok":true,"take":200,"count":0,"data":[]}
[2026-03-30T16:58:22.033Z] [API] [HISTORY_RESPONSE] {"ok":true,"take":200,"count":0,"data":[]}
[2026-03-30T16:58:22.116Z] [API] [HISTORY_RESPONSE] {"ok":true,"take":200,"count":0,"data":[]}
[2026-03-30T16:58:22.194Z] [API] [HISTORY_RESPONSE] {"ok":true,"take":200,"count":0,"data":[]}
[2026-03-30T16:58:22.369Z] [API] [TRX_RESPONSE] {"ok":false,"msg":"Saldo tidak mencukupi, isi saldo dlu bos","data":{"tujuan":"087783819393","reffid":"087783819393-XLA14-SuperMini-mt90ga"}}
[2026-03-30T16:58:32.633Z] [API] [HISTORY_RESPONSE] {"ok":true,"take":200,"count":0,"data":[]}
[2026-03-30T16:58:32.722Z] [API] [HISTORY_RESPONSE] {"ok":true,"take":200,"count":0,"data":[]}
[2026-03-30T16:58:32.802Z] [API] [HISTORY_RESPONSE] {"ok":true,"take":200,"count":0,"data":[]}
[2026-03-30T16:58:43.149Z] [API] [HISTORY_RESPONSE] {"ok":true,"take":200,"count":0,"data":[]}
[2026-03-30T16:58:43.236Z] [API] [HISTORY_RESPONSE] {"ok":true,"take":200,"count":0,"data":[]}
[2026-03-30T16:58:43.318Z] [API] [HISTORY_RESPONSE] {"ok":true,"take":200,"count":0,"data":[]}
[2026-03-30T16:58:53.641Z] [API] [HISTORY_RESPONSE] {"ok":true,"take":200,"count":0,"data":[]}
[2026-03-30T16:58:53.743Z] [API] [HISTORY_RESPONSE] {"ok":true,"take":200,"count":0,"data":[]}
[2026-03-30T16:58:53.836Z] [API] [HISTORY_RESPONSE] {"ok":true,"take":200,"count":0,"data":[]}
[2026-03-30T16:59:04.174Z] [API] [HISTORY_RESPONSE] {"ok":true,"take":200,"count":0,"data":[]}
[2026-03-30T16:59:04.284Z] [API] [HISTORY_RESPONSE] {"ok":true,"take":200,"count":0,"data":[]}
[2026-03-30T16:59:04.375Z] [API] [HISTORY_RESPONSE] {"ok":true,"take":200,"count":0,"data":[]}
[2026-03-30T16:59:14.761Z] [API] [HISTORY_RESPONSE] {"ok":true,"take":200,"count":0,"data":[]}
[2026-03-30T16:59:25.179Z] [API] [HISTORY_RESPONSE] {"ok":true,"take":200,"count":0,"data":[]}
[2026-03-30T16:59:25.420Z] [API] [TRX_RESPONSE] {"ok":false,"msg":"Saldo tidak mencukupi, isi saldo dlu bos","data":{"tujuan":"083131437490","reffid":"083131437490-XLA51-JumboV2-o2lqcc"}}
[2026-03-30T16:59:35.731Z] [API] [HISTORY_RESPONSE] {"ok":true,"take":200,"count":0,"data":[]}
[2026-03-30T16:59:46.115Z] [API] [HISTORY_RESPONSE] {"ok":true,"take":200,"count":0,"data":[]}
[2026-03-30T16:59:56.529Z] [API] [HISTORY_RESPONSE] {"ok":true,"take":200,"count":0,"data":[]}
[2026-03-30T17:00:06.914Z] [API] [HISTORY_RESPONSE] {"ok":true,"take":200,"count":0,"data":[]}
[2026-03-30T17:00:17.266Z] [API] [HISTORY_RESPONSE] {"ok":true,"take":200,"count":0,"data":[]}
[2026-03-30T17:00:27.602Z] [API] [HISTORY_RESPONSE] {"ok":true,"take":200,"count":0,"data":[]}
